<?xml version="1.0" encoding="UTF-8"?>
<!-- Generated by org.testng.reporters.JUnitReportReporter -->
<testsuite hostname="DESKTOP-VTCNEK2" failures="0" tests="9" name="tests.CartTests" time="0.003" errors="1" timestamp="29 ספט׳ 2020 22:56:52 GMT" skipped="8">
  <testcase classname="tests.CartTests" name="tc04_2goToCheckoutSuccess" time="0.000">
    <skipped/>
  </testcase> <!-- tc04_2goToCheckoutSuccess -->
  <testcase classname="tests.CartTests" name="tc04_1addToCartSuccess" time="0.000">
    <skipped/>
  </testcase> <!-- tc04_1addToCartSuccess -->
  <testcase classname="tests.CartTests" name="tc04_7ShippingEstimatesToolTipSuccess" time="0.000">
    <skipped/>
  </testcase> <!-- tc04_7ShippingEstimatesToolTipSuccess -->
  <testcase classname="tests.CartTests" name="tc04_6DestinationCalculateSuccess" time="0.000">
    <skipped/>
  </testcase> <!-- tc04_6DestinationCalculateSuccess -->
  <testcase classname="tests.CartTests" name="setUpLogin" time="0.003">
    <error type="java.lang.NullPointerException">
      <![CDATA[java.lang.NullPointerException
at java.base/java.util.Objects.requireNonNull(Objects.java:222)
at org.openqa.selenium.interactions.Actions.<init>(Actions.java:65)
at pageobjects.BasePage.<init>(BasePage.java:19)
at pageobjects.HomePage.<init>(HomePage.java:64)
at tests.BaseTest.setUpLogin(BaseTest.java:38)
at java.base/jdk.internal.reflect.NativeMethodAccessorImpl.invoke0(Native Method)
at java.base/jdk.internal.reflect.NativeMethodAccessorImpl.invoke(NativeMethodAccessorImpl.java:62)
at java.base/jdk.internal.reflect.DelegatingMethodAccessorImpl.invoke(DelegatingMethodAccessorImpl.java:43)
at java.base/java.lang.reflect.Method.invoke(Method.java:564)
at org.testng.internal.MethodInvocationHelper.invokeMethod(MethodInvocationHelper.java:124)
at org.testng.internal.MethodInvocationHelper.invokeMethodConsideringTimeout(MethodInvocationHelper.java:59)
at org.testng.internal.Invoker.invokeConfigurationMethod(Invoker.java:458)
at org.testng.internal.Invoker.invokeConfigurations(Invoker.java:222)
at org.testng.internal.Invoker.invokeConfigurations(Invoker.java:142)
at org.testng.internal.TestMethodWorker.invokeBeforeClassMethods(TestMethodWorker.java:168)
at org.testng.internal.TestMethodWorker.run(TestMethodWorker.java:105)
at org.testng.TestRunner.privateRun(TestRunner.java:648)
at org.testng.TestRunner.run(TestRunner.java:505)
at org.testng.SuiteRunner.runTest(SuiteRunner.java:455)
at org.testng.SuiteRunner.runSequentially(SuiteRunner.java:450)
at org.testng.SuiteRunner.privateRun(SuiteRunner.java:415)
at org.testng.SuiteRunner.run(SuiteRunner.java:364)
at org.testng.SuiteRunnerWorker.runSuite(SuiteRunnerWorker.java:52)
at org.testng.SuiteRunnerWorker.run(SuiteRunnerWorker.java:84)
at org.testng.TestNG.runSuitesSequentially(TestNG.java:1208)
at org.testng.TestNG.runSuitesLocally(TestNG.java:1137)
at org.testng.TestNG.runSuites(TestNG.java:1049)
at org.testng.TestNG.run(TestNG.java:1017)
at org.testng.remote.AbstractRemoteTestNG.run(AbstractRemoteTestNG.java:115)
at org.testng.remote.RemoteTestNG.initAndRun(RemoteTestNG.java:251)
at org.testng.remote.RemoteTestNG.main(RemoteTestNG.java:77)
]]>
    </error>
  </testcase> <!-- setUpLogin -->
  <testcase classname="tests.CartTests" name="tc04_8DestinationToolTipSuccess" time="0.000">
    <skipped/>
  </testcase> <!-- tc04_8DestinationToolTipSuccess -->
  <testcase classname="tests.CartTests" name="tc04_4UndoRemoveFromCartSuccess" time="0.000">
    <skipped/>
  </testcase> <!-- tc04_4UndoRemoveFromCartSuccess -->
  <testcase classname="tests.CartTests" name="tc04_5RemoveAllItemFromCartYesSuccess" time="0.000">
    <skipped/>
  </testcase> <!-- tc04_5RemoveAllItemFromCartYesSuccess -->
  <testcase classname="tests.CartTests" name="tc04_3RemoveFromCartSuccess" time="0.000">
    <skipped/>
  </testcase> <!-- tc04_3RemoveFromCartSuccess -->
</testsuite> <!-- tests.CartTests -->
